<?xml version="1.0" encoding="UTF-8" ?>
<testsuite tests="11" failures="0" name="com.ce.unit.HotelProcessorSpec" time="0.543" errors="0" skipped="0">
  <properties>
[...]
</properties>
  <testcase classname="com.ce.unit.HotelProcessorSpec" name="should fail hotel creation if one of floor|corridor is 0" time="0.128"/>
  <testcase classname="com.ce.unit.HotelProcessorSpec" name="should create hotel with 2 floors | 1 main | 2 sub corrdidors " time="0.029"/>
  <testcase classname="com.ce.unit.HotelProcessorSpec" name="should create hotel with 2 floors | 1 main | 2 sub corrdidor and all ACs should be on" time="0.005"/>
  <testcase classname="com.ce.unit.HotelProcessorSpec" name="should create hotel with 2 floors | 1 main | 2 sub corrdidor | ACs should be on | Main Corridor Lights should be off" time="0.003"/>
  <testcase classname="com.ce.unit.HotelProcessorSpec" name="should create hotel with 2 floors | 1 main | 2 sub corrdidor | ACs should be on | Main corridor Lights should be on" time="0.002"/>
  <testcase classname="com.ce.unit.HotelProcessorSpec" name="should create hotel with 2 floors | 1 main | 2 sub corrdidor | ACs should be on | Main corridor Lights should be on next day 5AM" time="0.003"/>
  <testcase classname="com.ce.unit.HotelProcessorSpec" name="should create hotel with 2 floors | 1 main | 2 sub corrdidor | ACs should be on | Main corridor Lights should be off next day 7AM" time="0.002"/>
  <testcase classname="com.ce.unit.HotelProcessorSpec" name="should handle motion detection on floor 1 sub corridor 2" time="0.014"/>
  <testcase classname="com.ce.unit.HotelProcessorSpec" name="should handle motion detection on floor 1 sub corridor 2 and reduce power consumption" time="0.001"/>
  <testcase classname="com.ce.unit.HotelProcessorSpec" name="should handle motion detection on floor 1 sub corridor 1 and reduce power consumption" time="0.001"/>
  <testcase classname="com.ce.unit.HotelProcessorSpec" name="should handle motion detection on floor 2 sub corridor 1 and reduce power consumption" time="0.002"/>
</testsuite>